<?xml version="1.0" encoding="UTF-8"?>
<!-- Generated by org.testng.reporters.JUnitReportReporter -->
<testsuite hostname="DESKTOP-P2PQOR4" failures="0" tests="1" name="test.programs.Practise" time="8.592" errors="0" timestamp="2024-01-13T13:07:09 IST" skipped="0">
  <testcase classname="test.programs.Practise" name="sample" time="8.592"/>
</testsuite> <!-- test.programs.Practise -->
